#
# There is insufficient memory for the Java Runtime Environment to continue.
# Native memory allocation (mmap) failed to map 268435456 bytes for G1 virtual space
# Possible reasons:
#   The system is out of physical RAM or swap space
#   The process is running with CompressedOops enabled, and the Java Heap may be blocking the growth of the native heap
# Possible solutions:
#   Reduce memory load on the system
#   Increase physical memory or swap space
#   Check if swap backing store is full
#   Decrease Java heap size (-Xmx/-Xms)
#   Decrease number of Java threads
#   Decrease Java thread stack sizes (-Xss)
#   Set larger code cache with -XX:ReservedCodeCacheSize=
#   JVM is running with Zero Based Compressed Oops mode in which the Java heap is
#     placed in the first 32GB address space. The Java Heap base address is the
#     maximum limit for the native heap growth. Please use -XX:HeapBaseMinAddress
#     to set the Java Heap base and to place the Java Heap above 32GB virtual address.
# This output file may be truncated or incomplete.
#
#  Out of Memory Error (os_windows.cpp:3466), pid=43776, tid=18068
#
# JRE version:  (16.0.1+9) (build )
# Java VM: Java HotSpot(TM) 64-Bit Server VM (16.0.1+9-24, mixed mode, sharing, tiered, compressed oops, compressed class ptrs, g1 gc, windows-amd64)
# No core dump will be written. Minidumps are not enabled by default on client versions of Windows
#

---------------  S U M M A R Y ------------

Command Line: -agentlib:jdwp=transport=dt_socket,address=127.0.0.1:7652,suspend=y,server=n -javaagent:C:\Users\Owner\AppData\Local\JetBrains\IntelliJIdea2020.2\captureAgent\debugger-agent.jar -Dfile.encoding=UTF-8 com.chudnovskiy.oleg.less120123.homework.HomeTask

Host: Intel(R) Core(TM) i5-2520M CPU @ 2.50GHz, 4 cores, 15G,  Windows 10 , 64 bit Build 19041 (10.0.19041.2364)
Time: Sat Jan 14 11:28:21 2023 FLE Standard Time elapsed time: 0.278990 seconds (0d 0h 0m 0s)

---------------  T H R E A D  ---------------

Current thread (0x000002a8d7f336a0):  JavaThread "Unknown thread" [_thread_in_vm, id=18068, stack(0x000000c3b8e00000,0x000000c3b8f00000)]

Stack: [0x000000c3b8e00000,0x000000c3b8f00000]
Native frames: (J=compiled Java code, j=interpreted, Vv=VM code, C=native code)
V  [jvm.dll+0x6687ca]
V  [jvm.dll+0x7ca3c9]
V  [jvm.dll+0x7cbb53]
V  [jvm.dll+0x7cc1b3]
V  [jvm.dll+0x242ea5]
V  [jvm.dll+0x665589]
V  [jvm.dll+0x65a175]
V  [jvm.dll+0x2fc5ab]
V  [jvm.dll+0x3037a6]
V  [jvm.dll+0x352fee]
V  [jvm.dll+0x35321f]
V  [jvm.dll+0x2d3618]
V  [jvm.dll+0x2d4854]
V  [jvm.dll+0x79ccb1]
V  [jvm.dll+0x360de1]
V  [jvm.dll+0x77a990]
V  [jvm.dll+0x3e55af]
V  [jvm.dll+0x3e7081]
C  [jli.dll+0x52fb]
C  [ucrtbase.dll+0x21bb2]
C  [KERNEL32.DLL+0x17614]
C  [ntdll.dll+0x526a1]


---------------  P R O C E S S  ---------------

Threads class SMR info:
_java_thread_list=0x00007ffee0e4cbb8, length=0, elements={
}

Java Threads: ( => current thread )

Other Threads:
  0x000002a8d7f82640 GCTaskThread "GC Thread#0" [stack: 0x000000c3b8f00000,0x000000c3b9000000] [id=31728]
  0x000002a8d7f935c0 ConcurrentGCThread "G1 Main Marker" [stack: 0x000000c3b9000000,0x000000c3b9100000] [id=44960]
  0x000002a8d7f94180 ConcurrentGCThread "G1 Conc#0" [stack: 0x000000c3b9100000,0x000000c3b9200000] [id=39920]

[error occurred during error reporting (printing all threads), id 0xc0000005, EXCEPTION_ACCESS_VIOLATION (0xc0000005) at pc=0x00007ffee06244d7]

VM state: not at safepoint (not fully initialized)

VM Mutex/Monitor currently owned by a thread:  ([mutex/lock_event])
[0x000002a8d7f2fd60] Heap_lock - owner thread: 0x000002a8d7f336a0

Heap address: 0x0000000701c00000, size: 4068 MB, Compressed Oops mode: Zero based, Oop shift amount: 3

CDS archive(s) mapped at: [0x0000000000000000-0x0000000000000000-0x0000000000000000), size 0, SharedBaseAddress: 0x0000000800000000, ArchiveRelocationMode: 0.
Narrow klass base: 0x0000000000000000, Narrow klass shift: 0, Narrow klass range: 0x0

GC Precious Log:
<Empty>

Heap:
 garbage-first heap   total 0K, used 0K [0x0000000701c00000, 0x0000000800000000)
  region size 2048K, 0 young (0K), 0 survivors (0K)

[error occurred during error reporting (printing heap information), id 0xc0000005, EXCEPTION_ACCESS_VIOLATION (0xc0000005) at pc=0x00007ffee0a024ed]

GC Heap History (0 events):
No events

Deoptimization events (0 events):
No events

Classes unloaded (0 events):
No events

Classes redefined (0 events):
No events

Internal exceptions (0 events):
No events

Events (1 events):
Event: 0.268 Loaded shared library C:\Tools\java_jdk-16\bin\java.dll


Dynamic libraries:
0x00007ff77b280000 - 0x00007ff77b290000 	C:\Tools\java_jdk-16\bin\java.exe
0x00007fff4e050000 - 0x00007fff4e248000 	C:\WINDOWS\SYSTEM32\ntdll.dll
0x00007fff45b00000 - 0x00007fff45b17000 	C:\Program Files\AVAST Software\Avast\aswhook.dll
0x00007fff4c140000 - 0x00007fff4c1ff000 	C:\WINDOWS\System32\KERNEL32.DLL
0x00007fff4bc20000 - 0x00007fff4bef2000 	C:\WINDOWS\System32\KERNELBASE.dll
0x00007fff4b920000 - 0x00007fff4ba20000 	C:\WINDOWS\System32\ucrtbase.dll
0x00007fff44280000 - 0x00007fff44298000 	C:\Tools\java_jdk-16\bin\jli.dll
0x00007fff4d1c0000 - 0x00007fff4d26e000 	C:\WINDOWS\System32\ADVAPI32.dll
0x00007fff4d900000 - 0x00007fff4d99e000 	C:\WINDOWS\System32\msvcrt.dll
0x00007fff4d120000 - 0x00007fff4d1bc000 	C:\WINDOWS\System32\sechost.dll
0x00007fff4d270000 - 0x00007fff4d395000 	C:\WINDOWS\System32\RPCRT4.dll
0x00007fff4cf70000 - 0x00007fff4d111000 	C:\WINDOWS\System32\USER32.dll
0x00007fff4bf00000 - 0x00007fff4bf22000 	C:\WINDOWS\System32\win32u.dll
0x00007fff4c200000 - 0x00007fff4c22b000 	C:\WINDOWS\System32\GDI32.dll
0x00007fff4bf30000 - 0x00007fff4c03f000 	C:\WINDOWS\System32\gdi32full.dll
0x00007fff4bb80000 - 0x00007fff4bc1d000 	C:\WINDOWS\System32\msvcp_win.dll
0x00007fff44260000 - 0x00007fff44279000 	C:\Tools\java_jdk-16\bin\VCRUNTIME140.dll
0x00007fff3b530000 - 0x00007fff3b7ca000 	C:\WINDOWS\WinSxS\amd64_microsoft.windows.common-controls_6595b64144ccf1df_6.0.19041.1110_none_60b5254171f9507e\COMCTL32.dll
0x00007fff49dc0000 - 0x00007fff49dca000 	C:\WINDOWS\SYSTEM32\VERSION.dll
0x00007fff4de20000 - 0x00007fff4de52000 	C:\WINDOWS\System32\IMM32.DLL
0x00007fff46b30000 - 0x00007fff46b3c000 	C:\Tools\java_jdk-16\bin\vcruntime140_1.dll
0x00007fff29b70000 - 0x00007fff29c01000 	C:\Tools\java_jdk-16\bin\msvcp140.dll
0x00007ffee0340000 - 0x00007ffee0eeb000 	C:\Tools\java_jdk-16\bin\server\jvm.dll
0x00007fff4d550000 - 0x00007fff4d558000 	C:\WINDOWS\System32\PSAPI.DLL
0x00007fff38760000 - 0x00007fff38769000 	C:\WINDOWS\SYSTEM32\WSOCK32.dll
0x00007fff4c990000 - 0x00007fff4c9fb000 	C:\WINDOWS\System32\WS2_32.dll
0x00007fff35d60000 - 0x00007fff35d87000 	C:\WINDOWS\SYSTEM32\WINMM.dll
0x00007fff49fe0000 - 0x00007fff49ff2000 	C:\WINDOWS\SYSTEM32\kernel.appcore.dll
0x00007fff45960000 - 0x00007fff4596a000 	C:\Tools\java_jdk-16\bin\jimage.dll
0x00007fff48910000 - 0x00007fff48af4000 	C:\WINDOWS\SYSTEM32\DBGHELP.DLL
0x00007fff424f0000 - 0x00007fff42525000 	C:\WINDOWS\SYSTEM32\dbgcore.DLL
0x00007fff4b860000 - 0x00007fff4b8e2000 	C:\WINDOWS\System32\bcryptPrimitives.dll
0x00007fff2b340000 - 0x00007fff2b37b000 	C:\Tools\java_jdk-16\bin\jdwp.dll
0x00007fff44190000 - 0x00007fff4419e000 	C:\Tools\java_jdk-16\bin\instrument.dll
0x00007fff441c0000 - 0x00007fff441e5000 	C:\Tools\java_jdk-16\bin\java.dll

dbghelp: loaded successfully - version: 4.0.5 - missing functions: none
symbol engine: initialized successfully - sym options: 0x614 - pdb path: .;C:\Tools\java_jdk-16\bin;C:\WINDOWS\SYSTEM32;C:\Program Files\AVAST Software\Avast;C:\WINDOWS\WinSxS\amd64_microsoft.windows.common-controls_6595b64144ccf1df_6.0.19041.1110_none_60b5254171f9507e;C:\Tools\java_jdk-16\bin\server

VM Arguments:
jvm_args: -agentlib:jdwp=transport=dt_socket,address=127.0.0.1:7652,suspend=y,server=n -javaagent:C:\Users\Owner\AppData\Local\JetBrains\IntelliJIdea2020.2\captureAgent\debugger-agent.jar -Dfile.encoding=UTF-8 
java_command: com.chudnovskiy.oleg.less120123.homework.HomeTask
java_class_path (initial): C:\projects\ItStep_Java\out\production\ItStep_Java;C:\Users\Owner\.m2\repository\junit\junit\4.12\junit-4.12.jar;C:\Users\Owner\.m2\repository\org\hamcrest\hamcrest-core\1.3\hamcrest-core-1.3.jar;C:\Program Files\JetBrains\IntelliJ IDEA 2020.2.2\lib\idea_rt.jar
Launcher Type: SUN_STANDARD

[Global flags]
     intx CICompilerCount                          = 3                                         {product} {ergonomic}
     uint ConcGCThreads                            = 1                                         {product} {ergonomic}
     uint G1ConcRefinementThreads                  = 4                                         {product} {ergonomic}
   size_t G1HeapRegionSize                         = 2097152                                   {product} {ergonomic}
    uintx GCDrainStackTargetSize                   = 64                                        {product} {ergonomic}
   size_t InitialHeapSize                          = 268435456                                 {product} {ergonomic}
   size_t MarkStackSize                            = 4194304                                   {product} {ergonomic}
   size_t MaxHeapSize                              = 4265607168                                {product} {ergonomic}
   size_t MinHeapDeltaBytes                        = 2097152                                   {product} {ergonomic}
   size_t MinHeapSize                              = 8388608                                   {product} {ergonomic}
    uintx NonNMethodCodeHeapSize                   = 5832780                                {pd product} {ergonomic}
    uintx NonProfiledCodeHeapSize                  = 122912730                              {pd product} {ergonomic}
    uintx ProfiledCodeHeapSize                     = 122912730                              {pd product} {ergonomic}
    uintx ReservedCodeCacheSize                    = 251658240                              {pd product} {ergonomic}
     bool SegmentedCodeCache                       = true                                      {product} {ergonomic}
   size_t SoftMaxHeapSize                          = 4265607168                             {manageable} {ergonomic}
     bool UseCompressedClassPointers               = true                           {product lp64_product} {ergonomic}
     bool UseCompressedOops                        = true                           {product lp64_product} {ergonomic}
     bool UseG1GC                                  = true                                      {product} {ergonomic}
     bool UseLargePagesIndividualAllocation        = false                                  {pd product} {ergonomic}

Logging:
Log output configuration:
 #0: stdout all=warning uptime,level,tags
 #1: stderr all=off uptime,level,tags

Environment Variables:
JAVA_HOME=C:\Program Files\Java\jdk-11.0.5
PATH=C:\Python310\Scripts\;C:\Python310\;C:\Program Files\Common Files\Oracle\Java\javapath;C:\Program Files (x86)\Intel\iCLS Client\;C:\Program Files\Intel\iCLS Client\;C:\WINDOWS\system32;C:\WINDOWS;C:\WINDOWS\System32\Wbem;C:\WINDOWS\System32\WindowsPowerShell\v1.0\;C:\WINDOWS\System32\OpenSSH\;C:\Program Files\Intel\WiFi\bin\;C:\Program Files\Common Files\Intel\WirelessCommon\;C:\Program Files\dotnet\;C:\Program Files\Microsoft SQL Server\130\Tools\Binn\;C:\Program Files (x86)\Intel\Intel(R) Management Engine Components\DAL;C:\Program Files\Intel\Intel(R) Management Engine Components\DAL;C:\Program Files (x86)\Intel\Intel(R) Management Engine Components\IPT;C:\Program Files\Intel\Intel(R) Management Engine Components\IPT;C:\Tools\apache-maven-3.6.0\bin;%CATALINA_HOME%\bin;%JAVA_HOME%\bin;C:\Program Files\Java\jdk-11.0.5\bin;C:\Program Files\Git\cmd;C:\ProgramData\chocolatey\bin;C:\Program Files\nodejs\;C:\Users\Owner\.windows-build-tools\python27\;C:\Users\Owner\AppData\Local\Microsoft\WindowsApps;C:\Program Files\Intel\WiFi\bin\;C:\Program Files\Common Files\Intel\WirelessCommon\;C:\Program Files\JetBrains\IntelliJ IDEA 2018.3.1\bin;C:\Users\Owner\AppData\Local\Programs\Fiddler;C:\Users\Owner\AppData\Local\Programs\Microsoft VS Code\bin;C:\dart-sass;C:\Users\Owner\AppData\Local\Microsoft\WindowsApps;C:\Users\Owner\AppData\Roaming\npm
USERNAME=Owner
OS=Windows_NT
PROCESSOR_IDENTIFIER=Intel64 Family 6 Model 42 Stepping 7, GenuineIntel



---------------  S Y S T E M  ---------------

OS:
 Windows 10 , 64 bit Build 19041 (10.0.19041.2364)
OS uptime: 3 days 0:35 hours

CPU: total 4 (initial active 4) (2 cores per cpu, 2 threads per core) family 6 model 42 stepping 7 microcode 0x2f, cx8, cmov, fxsr, ht, mmx, sse, sse2, sse3, ssse3, sse4.1, sse4.2, popcnt, tsc, tscinvbit, avx, aes, clmul, vzeroupper, clflush

Memory: 4k page, system-wide physical 16267M (4290M free)
TotalPageFile size 20363M (AvailPageFile size 221M)
current process WorkingSet (physical memory assigned to process): 10M, peak: 10M
current process commit charge ("private bytes"): 51M, peak: 307M

vm_info: Java HotSpot(TM) 64-Bit Server VM (16.0.1+9-24) for windows-amd64 JRE (16.0.1+9-24), built on Mar 26 2021 19:31:42 by "mach5one" with MS VC++ 16.7 (VS2019)

END.
